<?xml version="1.0" encoding="UTF-8"?>
<!-- Generated by org.testng.reporters.JUnitReportReporter -->
<testsuite hostname="DESKTOP-TAVNIOO" failures="0" tests="1" name="ui.tests.ecommerce.ProductSearchTest" time="120.796" errors="0" timestamp="2025-09-13T13:04:01 IST" skipped="0">
  <testcase classname="ui.tests.ecommerce.ProductSearchTest" name="searchElementTest" time="120.796"/>
</testsuite> <!-- ui.tests.ecommerce.ProductSearchTest -->
